# JRE version: OpenJDK Runtime Environment (8.0_152-b01) (build 1.8.0_152-release-915-b01)
# Java VM: OpenJDK 64-Bit Server VM (25.152-b01 mixed mode windows-amd64 compressed oops)
Heap:
 PSYoungGen      total 206848K, used 87317K [0x00000000e0000000, 0x00000000ef480000, 0x0000000100000000)
  eden space 185344K, 47% used [0x00000000e0000000,0x00000000e55457b8,0x00000000eb500000)
  from space 21504K, 0% used [0x00000000ecb00000,0x00000000ecb00000,0x00000000ee000000)
  to   space 22528K, 0% used [0x00000000eb500000,0x00000000eb500000,0x00000000ecb00000)
 ParOldGen       total 147456K, used 31415K [0x00000000a0000000, 0x00000000a9000000, 0x00000000e0000000)
  object space 147456K, 21% used [0x00000000a0000000,0x00000000a1eadd08,0x00000000a9000000)
 Metaspace       used 60473K, capacity 62945K, committed 63192K, reserved 1103872K
  class space    used 8071K, capacity 8666K, committed 8704K, reserved 1048576K
GC Heap History (10 events):
Event: 5.578 GC heap before
{Heap before GC invocations=11 (full 2):
 PSYoungGen      total 140800K, used 140449K [0x00000000e0000000, 0x00000000e9b80000, 0x0000000100000000)
  eden space 130048K, 100% used [0x00000000e0000000,0x00000000e7f00000,0x00000000e7f00000)
  from space 10752K, 96% used [0x00000000e9100000,0x00000000e9b28788,0x00000000e9b80000)
  to   space 12288K, 0% used [0x00000000e8380000,0x00000000e8380000,0x00000000e8f80000)
 ParOldGen       total 105472K, used 15775K [0x00000000a0000000, 0x00000000a6700000, 0x00000000e0000000)
  object space 105472K, 14% used [0x00000000a0000000,0x00000000a0f67c60,0x00000000a6700000)
 Metaspace       used 51212K, capacity 52858K, committed 52952K, reserved 1095680K
  class space    used 6953K, capacity 7380K, committed 7424K, reserved 1048576K
Event: 5.594 GC heap after
Heap after GC invocations=11 (full 2):
 PSYoungGen      total 146944K, used 12285K [0x00000000e0000000, 0x00000000eb900000, 0x0000000100000000)
  eden space 134656K, 0% used [0x00000000e0000000,0x00000000e0000000,0x00000000e8380000)
  from space 12288K, 99% used [0x00000000e8380000,0x00000000e8f7f4e0,0x00000000e8f80000)
  to   space 15872K, 0% used [0x00000000ea980000,0x00000000ea980000,0x00000000eb900000)
 ParOldGen       total 105472K, used 21474K [0x00000000a0000000, 0x00000000a6700000, 0x00000000e0000000)
  object space 105472K, 20% used [0x00000000a0000000,0x00000000a14f8950,0x00000000a6700000)
 Metaspace       used 51212K, capacity 52858K, committed 52952K, reserved 1095680K
  class space    used 6953K, capacity 7380K, committed 7424K, reserved 1048576K
}
Event: 7.451 GC heap before
{Heap before GC invocations=12 (full 2):
 PSYoungGen      total 146944K, used 146941K [0x00000000e0000000, 0x00000000eb900000, 0x0000000100000000)
  eden space 134656K, 100% used [0x00000000e0000000,0x00000000e8380000,0x00000000e8380000)
  from space 12288K, 99% used [0x00000000e8380000,0x00000000e8f7f4e0,0x00000000e8f80000)
  to   space 15872K, 0% used [0x00000000ea980000,0x00000000ea980000,0x00000000eb900000)
 ParOldGen       total 105472K, used 21474K [0x00000000a0000000, 0x00000000a6700000, 0x00000000e0000000)
  object space 105472K, 20% used [0x00000000a0000000,0x00000000a14f8950,0x00000000a6700000)
 Metaspace       used 55204K, capacity 57206K, committed 57432K, reserved 1099776K
  class space    used 7490K, capacity 7948K, committed 8064K, reserved 1048576K
Event: 7.466 GC heap after
Heap after GC invocations=12 (full 2):
 PSYoungGen      total 169984K, used 15853K [0x00000000e0000000, 0x00000000ec380000, 0x0000000100000000)
  eden space 154112K, 0% used [0x00000000e0000000,0x00000000e0000000,0x00000000e9680000)
  from space 15872K, 99% used [0x00000000ea980000,0x00000000eb8fb510,0x00000000eb900000)
  to   space 19456K, 0% used [0x00000000e9680000,0x00000000e9680000,0x00000000ea980000)
 ParOldGen       total 105472K, used 25865K [0x00000000a0000000, 0x00000000a6700000, 0x00000000e0000000)
  object space 105472K, 24% used [0x00000000a0000000,0x00000000a1942440,0x00000000a6700000)
 Metaspace       used 55204K, capacity 57206K, committed 57432K, reserved 1099776K
  class space    used 7490K, capacity 7948K, committed 8064K, reserved 1048576K
}
Event: 8.147 GC heap before
{Heap before GC invocations=13 (full 2):
 PSYoungGen      total 169984K, used 169747K [0x00000000e0000000, 0x00000000ec380000, 0x0000000100000000)
  eden space 154112K, 99% used [0x00000000e0000000,0x00000000e9649ab0,0x00000000e9680000)
  from space 15872K, 99% used [0x00000000ea980000,0x00000000eb8fb510,0x00000000eb900000)
  to   space 19456K, 0% used [0x00000000e9680000,0x00000000e9680000,0x00000000ea980000)
 ParOldGen       total 105472K, used 25865K [0x00000000a0000000, 0x00000000a6700000, 0x00000000e0000000)
  object space 105472K, 24% used [0x00000000a0000000,0x00000000a1942440,0x00000000a6700000)
 Metaspace       used 55732K, capacity 57716K, committed 57944K, reserved 1099776K
  class space    used 7550K, capacity 8039K, committed 8064K, reserved 1048576K
Event: 8.158 GC heap after
Heap after GC invocations=13 (full 2):
 PSYoungGen      total 173568K, used 17621K [0x00000000e0000000, 0x00000000ee000000, 0x0000000100000000)
  eden space 154112K, 0% used [0x00000000e0000000,0x00000000e0000000,0x00000000e9680000)
  from space 19456K, 90% used [0x00000000e9680000,0x00000000ea7b56a8,0x00000000ea980000)
  to   space 21504K, 0% used [0x00000000ecb00000,0x00000000ecb00000,0x00000000ee000000)
 ParOldGen       total 105472K, used 25873K [0x00000000a0000000, 0x00000000a6700000, 0x00000000e0000000)
  object space 105472K, 24% used [0x00000000a0000000,0x00000000a1944440,0x00000000a6700000)
 Metaspace       used 55732K, capacity 57716K, committed 57944K, reserved 1099776K
  class space    used 7550K, capacity 8039K, committed 8064K, reserved 1048576K
}
Event: 8.317 GC heap before
{Heap before GC invocations=14 (full 2):
 PSYoungGen      total 173568K, used 117239K [0x00000000e0000000, 0x00000000ee000000, 0x0000000100000000)
  eden space 154112K, 64% used [0x00000000e0000000,0x00000000e61487f8,0x00000000e9680000)
  from space 19456K, 90% used [0x00000000e9680000,0x00000000ea7b56a8,0x00000000ea980000)
  to   space 21504K, 0% used [0x00000000ecb00000,0x00000000ecb00000,0x00000000ee000000)
 ParOldGen       total 105472K, used 25873K [0x00000000a0000000, 0x00000000a6700000, 0x00000000e0000000)
  object space 105472K, 24% used [0x00000000a0000000,0x00000000a1944440,0x00000000a6700000)
 Metaspace       used 56783K, capacity 58939K, committed 59028K, reserved 1099776K
  class space    used 7742K, capacity 8231K, committed 8320K, reserved 1048576K
Event: 8.331 GC heap after
Heap after GC invocations=14 (full 2):
 PSYoungGen      total 206848K, used 17195K [0x00000000e0000000, 0x00000000ef480000, 0x0000000100000000)
  eden space 185344K, 0% used [0x00000000e0000000,0x00000000e0000000,0x00000000eb500000)
  from space 21504K, 79% used [0x00000000ecb00000,0x00000000edbcaf20,0x00000000ee000000)
  to   space 22528K, 0% used [0x00000000eb500000,0x00000000eb500000,0x00000000ecb00000)
 ParOldGen       total 105472K, used 25881K [0x00000000a0000000, 0x00000000a6700000, 0x00000000e0000000)
  object space 105472K, 24% used [0x00000000a0000000,0x00000000a1946440,0x00000000a6700000)
 Metaspace       used 56783K, capacity 58939K, committed 59028K, reserved 1099776K
  class space    used 7742K, capacity 8231K, committed 8320K, reserved 1048576K
}
Event: 8.331 GC heap before
{Heap before GC invocations=15 (full 3):
 PSYoungGen      total 206848K, used 17195K [0x00000000e0000000, 0x00000000ef480000, 0x0000000100000000)
  eden space 185344K, 0% used [0x00000000e0000000,0x00000000e0000000,0x00000000eb500000)
  from space 21504K, 79% used [0x00000000ecb00000,0x00000000edbcaf20,0x00000000ee000000)
  to   space 22528K, 0% used [0x00000000eb500000,0x00000000eb500000,0x00000000ecb00000)
 ParOldGen       total 105472K, used 25881K [0x00000000a0000000, 0x00000000a6700000, 0x00000000e0000000)
  object space 105472K, 24% used [0x00000000a0000000,0x00000000a1946440,0x00000000a6700000)
 Metaspace       used 56783K, capacity 58939K, committed 59028K, reserved 1099776K
  class space    used 7742K, capacity 8231K, committed 8320K, reserved 1048576K
Event: 8.488 GC heap after
Heap after GC invocations=15 (full 3):
 PSYoungGen      total 206848K, used 0K [0x00000000e0000000, 0x00000000ef480000, 0x0000000100000000)
  eden space 185344K, 0% used [0x00000000e0000000,0x00000000e0000000,0x00000000eb500000)
  from space 21504K, 0% used [0x00000000ecb00000,0x00000000ecb00000,0x00000000ee000000)
  to   space 22528K, 0% used [0x00000000eb500000,0x00000000eb500000,0x00000000ecb00000)
 ParOldGen       total 147456K, used 31415K [0x00000000a0000000, 0x00000000a9000000, 0x00000000e0000000)
  object space 147456K, 21% used [0x00000000a0000000,0x00000000a1eadd08,0x00000000a9000000)
 Metaspace       used 56783K, capacity 58939K, committed 59028K, reserved 1099776K
  class space    used 7742K, capacity 8231K, committed 8320K, reserved 1048576K
}

