# JRE version: OpenJDK Runtime Environment (8.0_152-b01) (build 1.8.0_152-release-915-b01)
# Java VM: OpenJDK 64-Bit Server VM (25.152-b01 mixed mode windows-amd64 compressed oops)
Heap:
 PSYoungGen      total 173568K, used 57346K [0x00000000e0000000, 0x00000000ee400000, 0x0000000100000000)
  eden space 154624K, 37% used [0x00000000e0000000,0x00000000e3800990,0x00000000e9700000)
  from space 18944K, 0% used [0x00000000e9700000,0x00000000e9700000,0x00000000ea980000)
  to   space 21504K, 0% used [0x00000000ecf00000,0x00000000ecf00000,0x00000000ee400000)
 ParOldGen       total 154624K, used 31529K [0x00000000a0000000, 0x00000000a9700000, 0x00000000e0000000)
  object space 154624K, 20% used [0x00000000a0000000,0x00000000a1eca7d0,0x00000000a9700000)
 Metaspace       used 60191K, capacity 62588K, committed 62680K, reserved 1103872K
  class space    used 8093K, capacity 8617K, committed 8704K, reserved 1048576K
GC Heap History (10 events):
Event: 4.349 GC heap before
{Heap before GC invocations=10 (full 2):
 PSYoungGen      total 107008K, used 96256K [0x00000000e0000000, 0x00000000e9d80000, 0x0000000100000000)
  eden space 96256K, 100% used [0x00000000e0000000,0x00000000e5e00000,0x00000000e5e00000)
  from space 10752K, 0% used [0x00000000e5e00000,0x00000000e5e00000,0x00000000e6880000)
  to   space 11264K, 0% used [0x00000000e9280000,0x00000000e9280000,0x00000000e9d80000)
 ParOldGen       total 104448K, used 15707K [0x00000000a0000000, 0x00000000a6600000, 0x00000000e0000000)
  object space 104448K, 15% used [0x00000000a0000000,0x00000000a0f56d20,0x00000000a6600000)
 Metaspace       used 40983K, capacity 41776K, committed 42072K, reserved 1085440K
  class space    used 5456K, capacity 5726K, committed 5760K, reserved 1048576K
Event: 4.360 GC heap after
Heap after GC invocations=10 (full 2):
 PSYoungGen      total 141824K, used 10677K [0x00000000e0000000, 0x00000000e9d00000, 0x0000000100000000)
  eden space 131072K, 0% used [0x00000000e0000000,0x00000000e0000000,0x00000000e8000000)
  from space 10752K, 99% used [0x00000000e9280000,0x00000000e9ced628,0x00000000e9d00000)
  to   space 12288K, 0% used [0x00000000e8500000,0x00000000e8500000,0x00000000e9100000)
 ParOldGen       total 104448K, used 15715K [0x00000000a0000000, 0x00000000a6600000, 0x00000000e0000000)
  object space 104448K, 15% used [0x00000000a0000000,0x00000000a0f58d20,0x00000000a6600000)
 Metaspace       used 40983K, capacity 41776K, committed 42072K, reserved 1085440K
  class space    used 5456K, capacity 5726K, committed 5760K, reserved 1048576K
}
Event: 5.718 GC heap before
{Heap before GC invocations=11 (full 2):
 PSYoungGen      total 141824K, used 141749K [0x00000000e0000000, 0x00000000e9d00000, 0x0000000100000000)
  eden space 131072K, 100% used [0x00000000e0000000,0x00000000e8000000,0x00000000e8000000)
  from space 10752K, 99% used [0x00000000e9280000,0x00000000e9ced628,0x00000000e9d00000)
  to   space 12288K, 0% used [0x00000000e8500000,0x00000000e8500000,0x00000000e9100000)
 ParOldGen       total 104448K, used 15715K [0x00000000a0000000, 0x00000000a6600000, 0x00000000e0000000)
  object space 104448K, 15% used [0x00000000a0000000,0x00000000a0f58d20,0x00000000a6600000)
 Metaspace       used 51417K, capacity 53054K, committed 53208K, reserved 1095680K
  class space    used 6977K, capacity 7382K, committed 7424K, reserved 1048576K
Event: 5.731 GC heap after
Heap after GC invocations=11 (full 2):
 PSYoungGen      total 148480K, used 12269K [0x00000000e0000000, 0x00000000eb900000, 0x0000000100000000)
  eden space 136192K, 0% used [0x00000000e0000000,0x00000000e0000000,0x00000000e8500000)
  from space 12288K, 99% used [0x00000000e8500000,0x00000000e90fb4f0,0x00000000e9100000)
  to   space 15872K, 0% used [0x00000000ea980000,0x00000000ea980000,0x00000000eb900000)
 ParOldGen       total 104448K, used 21766K [0x00000000a0000000, 0x00000000a6600000, 0x00000000e0000000)
  object space 104448K, 20% used [0x00000000a0000000,0x00000000a1541b40,0x00000000a6600000)
 Metaspace       used 51417K, capacity 53054K, committed 53208K, reserved 1095680K
  class space    used 6977K, capacity 7382K, committed 7424K, reserved 1048576K
}
Event: 7.644 GC heap before
{Heap before GC invocations=12 (full 2):
 PSYoungGen      total 148480K, used 148461K [0x00000000e0000000, 0x00000000eb900000, 0x0000000100000000)
  eden space 136192K, 100% used [0x00000000e0000000,0x00000000e8500000,0x00000000e8500000)
  from space 12288K, 99% used [0x00000000e8500000,0x00000000e90fb4f0,0x00000000e9100000)
  to   space 15872K, 0% used [0x00000000ea980000,0x00000000ea980000,0x00000000eb900000)
 ParOldGen       total 104448K, used 21766K [0x00000000a0000000, 0x00000000a6600000, 0x00000000e0000000)
  object space 104448K, 20% used [0x00000000a0000000,0x00000000a1541b40,0x00000000a6600000)
 Metaspace       used 56090K, capacity 58190K, committed 58200K, reserved 1099776K
  class space    used 7572K, capacity 8062K, committed 8064K, reserved 1048576K
Event: 7.658 GC heap after
Heap after GC invocations=12 (full 2):
 PSYoungGen      total 170496K, used 15870K [0x00000000e0000000, 0x00000000ec280000, 0x0000000100000000)
  eden space 154624K, 0% used [0x00000000e0000000,0x00000000e0000000,0x00000000e9700000)
  from space 15872K, 99% used [0x00000000ea980000,0x00000000eb8ffa60,0x00000000eb900000)
  to   space 18944K, 0% used [0x00000000e9700000,0x00000000e9700000,0x00000000ea980000)
 ParOldGen       total 104448K, used 24967K [0x00000000a0000000, 0x00000000a6600000, 0x00000000e0000000)
  object space 104448K, 23% used [0x00000000a0000000,0x00000000a1861db0,0x00000000a6600000)
 Metaspace       used 56090K, capacity 58190K, committed 58200K, reserved 1099776K
  class space    used 7572K, capacity 8062K, committed 8064K, reserved 1048576K
}
Event: 8.118 GC heap before
{Heap before GC invocations=13 (full 2):
 PSYoungGen      total 170496K, used 51306K [0x00000000e0000000, 0x00000000ec280000, 0x0000000100000000)
  eden space 154624K, 22% used [0x00000000e0000000,0x00000000e229aef0,0x00000000e9700000)
  from space 15872K, 99% used [0x00000000ea980000,0x00000000eb8ffa60,0x00000000eb900000)
  to   space 18944K, 0% used [0x00000000e9700000,0x00000000e9700000,0x00000000ea980000)
 ParOldGen       total 104448K, used 24967K [0x00000000a0000000, 0x00000000a6600000, 0x00000000e0000000)
  object space 104448K, 23% used [0x00000000a0000000,0x00000000a1861db0,0x00000000a6600000)
 Metaspace       used 56967K, capacity 59006K, committed 59028K, reserved 1099776K
  class space    used 7674K, capacity 8180K, committed 8192K, reserved 1048576K
Event: 8.133 GC heap after
Heap after GC invocations=13 (full 2):
 PSYoungGen      total 173568K, used 18303K [0x00000000e0000000, 0x00000000ee400000, 0x0000000100000000)
  eden space 154624K, 0% used [0x00000000e0000000,0x00000000e0000000,0x00000000e9700000)
  from space 18944K, 96% used [0x00000000e9700000,0x00000000ea8dfe90,0x00000000ea980000)
  to   space 21504K, 0% used [0x00000000ecf00000,0x00000000ecf00000,0x00000000ee400000)
 ParOldGen       total 104448K, used 24975K [0x00000000a0000000, 0x00000000a6600000, 0x00000000e0000000)
  object space 104448K, 23% used [0x00000000a0000000,0x00000000a1863db0,0x00000000a6600000)
 Metaspace       used 56967K, capacity 59006K, committed 59028K, reserved 1099776K
  class space    used 7674K, capacity 8180K, committed 8192K, reserved 1048576K
}
Event: 8.133 GC heap before
{Heap before GC invocations=14 (full 3):
 PSYoungGen      total 173568K, used 18303K [0x00000000e0000000, 0x00000000ee400000, 0x0000000100000000)
  eden space 154624K, 0% used [0x00000000e0000000,0x00000000e0000000,0x00000000e9700000)
  from space 18944K, 96% used [0x00000000e9700000,0x00000000ea8dfe90,0x00000000ea980000)
  to   space 21504K, 0% used [0x00000000ecf00000,0x00000000ecf00000,0x00000000ee400000)
 ParOldGen       total 104448K, used 24975K [0x00000000a0000000, 0x00000000a6600000, 0x00000000e0000000)
  object space 104448K, 23% used [0x00000000a0000000,0x00000000a1863db0,0x00000000a6600000)
 Metaspace       used 56967K, capacity 59006K, committed 59028K, reserved 1099776K
  class space    used 7674K, capacity 8180K, committed 8192K, reserved 1048576K
Event: 8.295 GC heap after
Heap after GC invocations=14 (full 3):
 PSYoungGen      total 173568K, used 0K [0x00000000e0000000, 0x00000000ee400000, 0x0000000100000000)
  eden space 154624K, 0% used [0x00000000e0000000,0x00000000e0000000,0x00000000e9700000)
  from space 18944K, 0% used [0x00000000e9700000,0x00000000e9700000,0x00000000ea980000)
  to   space 21504K, 0% used [0x00000000ecf00000,0x00000000ecf00000,0x00000000ee400000)
 ParOldGen       total 154624K, used 31529K [0x00000000a0000000, 0x00000000a9700000, 0x00000000e0000000)
  object space 154624K, 20% used [0x00000000a0000000,0x00000000a1eca7d0,0x00000000a9700000)
 Metaspace       used 56967K, capacity 59006K, committed 59028K, reserved 1099776K
  class space    used 7674K, capacity 8180K, committed 8192K, reserved 1048576K
}

