# JRE version: OpenJDK Runtime Environment (8.0_152-b01) (build 1.8.0_152-release-915-b01)
# Java VM: OpenJDK 64-Bit Server VM (25.152-b01 mixed mode windows-amd64 compressed oops)
Heap:
 PSYoungGen      total 208896K, used 70081K [0x00000000e0000000, 0x00000000efc80000, 0x0000000100000000)
  eden space 184320K, 32% used [0x00000000e0000000,0x00000000e3a59fc0,0x00000000eb400000)
  from space 24576K, 42% used [0x00000000eb400000,0x00000000ebe16548,0x00000000ecc00000)
  to   space 23552K, 0% used [0x00000000ee580000,0x00000000ee580000,0x00000000efc80000)
 ParOldGen       total 168960K, used 46333K [0x00000000a0000000, 0x00000000aa500000, 0x00000000e0000000)
  object space 168960K, 27% used [0x00000000a0000000,0x00000000a2d3f6f0,0x00000000aa500000)
 Metaspace       used 65028K, capacity 68638K, committed 68884K, reserved 1107968K
  class space    used 8683K, capacity 9529K, committed 9532K, reserved 1048576K
GC Heap History (10 events):
Event: 10.336 GC heap before
{Heap before GC invocations=12 (full 2):
 PSYoungGen      total 141824K, used 141808K [0x00000000e0000000, 0x00000000ebd00000, 0x0000000100000000)
  eden space 129024K, 100% used [0x00000000e0000000,0x00000000e7e00000,0x00000000e7e00000)
  from space 12800K, 99% used [0x00000000e7e00000,0x00000000e8a7c360,0x00000000e8a80000)
  to   space 16384K, 0% used [0x00000000ead00000,0x00000000ead00000,0x00000000ebd00000)
 ParOldGen       total 102912K, used 21433K [0x00000000a0000000, 0x00000000a6480000, 0x00000000e0000000)
  object space 102912K, 20% used [0x00000000a0000000,0x00000000a14ee768,0x00000000a6480000)
 Metaspace       used 53858K, capacity 55716K, committed 55768K, reserved 1097728K
  class space    used 7371K, capacity 7897K, committed 7936K, reserved 1048576K
Event: 10.359 GC heap after
Heap after GC invocations=12 (full 2):
 PSYoungGen      total 170496K, used 16352K [0x00000000e0000000, 0x00000000ecf00000, 0x0000000100000000)
  eden space 154112K, 0% used [0x00000000e0000000,0x00000000e0000000,0x00000000e9680000)
  from space 16384K, 99% used [0x00000000ead00000,0x00000000ebcf8210,0x00000000ebd00000)
  to   space 23040K, 0% used [0x00000000e9680000,0x00000000e9680000,0x00000000ead00000)
 ParOldGen       total 102912K, used 34295K [0x00000000a0000000, 0x00000000a6480000, 0x00000000e0000000)
  object space 102912K, 33% used [0x00000000a0000000,0x00000000a217dd80,0x00000000a6480000)
 Metaspace       used 53858K, capacity 55716K, committed 55768K, reserved 1097728K
  class space    used 7371K, capacity 7897K, committed 7936K, reserved 1048576K
}
Event: 12.074 GC heap before
{Heap before GC invocations=13 (full 2):
 PSYoungGen      total 170496K, used 80295K [0x00000000e0000000, 0x00000000ecf00000, 0x0000000100000000)
  eden space 154112K, 41% used [0x00000000e0000000,0x00000000e3e71d20,0x00000000e9680000)
  from space 16384K, 99% used [0x00000000ead00000,0x00000000ebcf8210,0x00000000ebd00000)
  to   space 23040K, 0% used [0x00000000e9680000,0x00000000e9680000,0x00000000ead00000)
 ParOldGen       total 102912K, used 34295K [0x00000000a0000000, 0x00000000a6480000, 0x00000000e0000000)
  object space 102912K, 33% used [0x00000000a0000000,0x00000000a217dd80,0x00000000a6480000)
 Metaspace       used 56604K, capacity 58944K, committed 59028K, reserved 1099776K
  class space    used 7734K, capacity 8340K, committed 8380K, reserved 1048576K
Event: 12.093 GC heap after
Heap after GC invocations=13 (full 2):
 PSYoungGen      total 177152K, used 21702K [0x00000000e0000000, 0x00000000ef180000, 0x0000000100000000)
  eden space 154112K, 0% used [0x00000000e0000000,0x00000000e0000000,0x00000000e9680000)
  from space 23040K, 94% used [0x00000000e9680000,0x00000000eabb1ac8,0x00000000ead00000)
  to   space 25600K, 0% used [0x00000000ed880000,0x00000000ed880000,0x00000000ef180000)
 ParOldGen       total 102912K, used 34303K [0x00000000a0000000, 0x00000000a6480000, 0x00000000e0000000)
  object space 102912K, 33% used [0x00000000a0000000,0x00000000a217fd80,0x00000000a6480000)
 Metaspace       used 56604K, capacity 58944K, committed 59028K, reserved 1099776K
  class space    used 7734K, capacity 8340K, committed 8380K, reserved 1048576K
}
Event: 12.093 GC heap before
{Heap before GC invocations=14 (full 3):
 PSYoungGen      total 177152K, used 21702K [0x00000000e0000000, 0x00000000ef180000, 0x0000000100000000)
  eden space 154112K, 0% used [0x00000000e0000000,0x00000000e0000000,0x00000000e9680000)
  from space 23040K, 94% used [0x00000000e9680000,0x00000000eabb1ac8,0x00000000ead00000)
  to   space 25600K, 0% used [0x00000000ed880000,0x00000000ed880000,0x00000000ef180000)
 ParOldGen       total 102912K, used 34303K [0x00000000a0000000, 0x00000000a6480000, 0x00000000e0000000)
  object space 102912K, 33% used [0x00000000a0000000,0x00000000a217fd80,0x00000000a6480000)
 Metaspace       used 56604K, capacity 58944K, committed 59028K, reserved 1099776K
  class space    used 7734K, capacity 8340K, committed 8380K, reserved 1048576K
Event: 12.299 GC heap after
Heap after GC invocations=14 (full 3):
 PSYoungGen      total 177152K, used 0K [0x00000000e0000000, 0x00000000ef180000, 0x0000000100000000)
  eden space 154112K, 0% used [0x00000000e0000000,0x00000000e0000000,0x00000000e9680000)
  from space 23040K, 0% used [0x00000000e9680000,0x00000000e9680000,0x00000000ead00000)
  to   space 25600K, 0% used [0x00000000ed880000,0x00000000ed880000,0x00000000ef180000)
 ParOldGen       total 168960K, used 46317K [0x00000000a0000000, 0x00000000aa500000, 0x00000000e0000000)
  object space 168960K, 27% used [0x00000000a0000000,0x00000000a2d3b6f0,0x00000000aa500000)
 Metaspace       used 56604K, capacity 58944K, committed 59028K, reserved 1099776K
  class space    used 7734K, capacity 8340K, committed 8380K, reserved 1048576K
}
Event: 19.081 GC heap before
{Heap before GC invocations=15 (full 3):
 PSYoungGen      total 177152K, used 154112K [0x00000000e0000000, 0x00000000ef180000, 0x0000000100000000)
  eden space 154112K, 100% used [0x00000000e0000000,0x00000000e9680000,0x00000000e9680000)
  from space 23040K, 0% used [0x00000000e9680000,0x00000000e9680000,0x00000000ead00000)
  to   space 25600K, 0% used [0x00000000ed880000,0x00000000ed880000,0x00000000ef180000)
 ParOldGen       total 168960K, used 46317K [0x00000000a0000000, 0x00000000aa500000, 0x00000000e0000000)
  object space 168960K, 27% used [0x00000000a0000000,0x00000000a2d3b6f0,0x00000000aa500000)
 Metaspace       used 62508K, capacity 65358K, committed 65684K, reserved 1105920K
  class space    used 8374K, capacity 9073K, committed 9148K, reserved 1048576K
Event: 19.094 GC heap after
Heap after GC invocations=15 (full 3):
 PSYoungGen      total 195072K, used 11569K [0x00000000e0000000, 0x00000000ee400000, 0x0000000100000000)
  eden space 183296K, 0% used [0x00000000e0000000,0x00000000e0000000,0x00000000eb300000)
  from space 11776K, 98% used [0x00000000ed880000,0x00000000ee3cc508,0x00000000ee400000)
  to   space 24576K, 0% used [0x00000000eb400000,0x00000000eb400000,0x00000000ecc00000)
 ParOldGen       total 168960K, used 46325K [0x00000000a0000000, 0x00000000aa500000, 0x00000000e0000000)
  object space 168960K, 27% used [0x00000000a0000000,0x00000000a2d3d6f0,0x00000000aa500000)
 Metaspace       used 62508K, capacity 65358K, committed 65684K, reserved 1105920K
  class space    used 8374K, capacity 9073K, committed 9148K, reserved 1048576K
}
Event: 46.305 GC heap before
{Heap before GC invocations=16 (full 3):
 PSYoungGen      total 195072K, used 194865K [0x00000000e0000000, 0x00000000ee400000, 0x0000000100000000)
  eden space 183296K, 100% used [0x00000000e0000000,0x00000000eb300000,0x00000000eb300000)
  from space 11776K, 98% used [0x00000000ed880000,0x00000000ee3cc508,0x00000000ee400000)
  to   space 24576K, 0% used [0x00000000eb400000,0x00000000eb400000,0x00000000ecc00000)
 ParOldGen       total 168960K, used 46325K [0x00000000a0000000, 0x00000000aa500000, 0x00000000e0000000)
  object space 168960K, 27% used [0x00000000a0000000,0x00000000a2d3d6f0,0x00000000aa500000)
 Metaspace       used 64799K, capacity 68274K, committed 68372K, reserved 1107968K
  class space    used 8669K, capacity 9503K, committed 9532K, reserved 1048576K
Event: 46.313 GC heap after
Heap after GC invocations=16 (full 3):
 PSYoungGen      total 208896K, used 10329K [0x00000000e0000000, 0x00000000efc80000, 0x0000000100000000)
  eden space 184320K, 0% used [0x00000000e0000000,0x00000000e0000000,0x00000000eb400000)
  from space 24576K, 42% used [0x00000000eb400000,0x00000000ebe16548,0x00000000ecc00000)
  to   space 23552K, 0% used [0x00000000ee580000,0x00000000ee580000,0x00000000efc80000)
 ParOldGen       total 168960K, used 46333K [0x00000000a0000000, 0x00000000aa500000, 0x00000000e0000000)
  object space 168960K, 27% used [0x00000000a0000000,0x00000000a2d3f6f0,0x00000000aa500000)
 Metaspace       used 64799K, capacity 68274K, committed 68372K, reserved 1107968K
  class space    used 8669K, capacity 9503K, committed 9532K, reserved 1048576K
}

