# JRE version: OpenJDK Runtime Environment (8.0_152-b01) (build 1.8.0_152-release-915-b01)
# Java VM: OpenJDK 64-Bit Server VM (25.152-b01 mixed mode windows-amd64 compressed oops)
Heap:
 PSYoungGen      total 176128K, used 76431K [0x00000000e0000000, 0x00000000ef380000, 0x0000000100000000)
  eden space 152576K, 50% used [0x00000000e0000000,0x00000000e4aa3d10,0x00000000e9500000)
  from space 23552K, 0% used [0x00000000e9500000,0x00000000e9500000,0x00000000eac00000)
  to   space 26112K, 0% used [0x00000000eda00000,0x00000000eda00000,0x00000000ef380000)
 ParOldGen       total 172544K, used 47307K [0x00000000a0000000, 0x00000000aa880000, 0x00000000e0000000)
  object space 172544K, 27% used [0x00000000a0000000,0x00000000a2e32c30,0x00000000aa880000)
 Metaspace       used 59655K, capacity 62344K, committed 62424K, reserved 1103872K
  class space    used 7993K, capacity 8688K, committed 8704K, reserved 1048576K
GC Heap History (10 events):
Event: 5.377 GC heap before
{Heap before GC invocations=10 (full 2):
 PSYoungGen      total 108032K, used 96768K [0x00000000e0000000, 0x00000000e9f00000, 0x0000000100000000)
  eden space 96768K, 100% used [0x00000000e0000000,0x00000000e5e80000,0x00000000e5e80000)
  from space 11264K, 0% used [0x00000000e5e80000,0x00000000e5e80000,0x00000000e6980000)
  to   space 12288K, 0% used [0x00000000e9300000,0x00000000e9300000,0x00000000e9f00000)
 ParOldGen       total 104960K, used 16251K [0x00000000a0000000, 0x00000000a6680000, 0x00000000e0000000)
  object space 104960K, 15% used [0x00000000a0000000,0x00000000a0fdefc8,0x00000000a6680000)
 Metaspace       used 41632K, capacity 42542K, committed 42840K, reserved 1085440K
  class space    used 5552K, capacity 5920K, committed 6016K, reserved 1048576K
Event: 5.387 GC heap after
Heap after GC invocations=10 (full 2):
 PSYoungGen      total 142336K, used 10786K [0x00000000e0000000, 0x00000000e9e00000, 0x0000000100000000)
  eden space 131072K, 0% used [0x00000000e0000000,0x00000000e0000000,0x00000000e8000000)
  from space 11264K, 95% used [0x00000000e9300000,0x00000000e9d88890,0x00000000e9e00000)
  to   space 12800K, 0% used [0x00000000e8500000,0x00000000e8500000,0x00000000e9180000)
 ParOldGen       total 104960K, used 16259K [0x00000000a0000000, 0x00000000a6680000, 0x00000000e0000000)
  object space 104960K, 15% used [0x00000000a0000000,0x00000000a0fe0fc8,0x00000000a6680000)
 Metaspace       used 41632K, capacity 42542K, committed 42840K, reserved 1085440K
  class space    used 5552K, capacity 5920K, committed 6016K, reserved 1048576K
}
Event: 6.977 GC heap before
{Heap before GC invocations=11 (full 2):
 PSYoungGen      total 142336K, used 141858K [0x00000000e0000000, 0x00000000e9e00000, 0x0000000100000000)
  eden space 131072K, 100% used [0x00000000e0000000,0x00000000e8000000,0x00000000e8000000)
  from space 11264K, 95% used [0x00000000e9300000,0x00000000e9d88890,0x00000000e9e00000)
  to   space 12800K, 0% used [0x00000000e8500000,0x00000000e8500000,0x00000000e9180000)
 ParOldGen       total 104960K, used 16259K [0x00000000a0000000, 0x00000000a6680000, 0x00000000e0000000)
  object space 104960K, 15% used [0x00000000a0000000,0x00000000a0fe0fc8,0x00000000a6680000)
 Metaspace       used 51717K, capacity 53436K, committed 53592K, reserved 1095680K
  class space    used 7016K, capacity 7502K, committed 7552K, reserved 1048576K
Event: 6.994 GC heap after
Heap after GC invocations=11 (full 2):
 PSYoungGen      total 148992K, used 12797K [0x00000000e0000000, 0x00000000ebc80000, 0x0000000100000000)
  eden space 136192K, 0% used [0x00000000e0000000,0x00000000e0000000,0x00000000e8500000)
  from space 12800K, 99% used [0x00000000e8500000,0x00000000e917f4e0,0x00000000e9180000)
  to   space 16896K, 0% used [0x00000000eac00000,0x00000000eac00000,0x00000000ebc80000)
 ParOldGen       total 104960K, used 21959K [0x00000000a0000000, 0x00000000a6680000, 0x00000000e0000000)
  object space 104960K, 20% used [0x00000000a0000000,0x00000000a1571ca0,0x00000000a6680000)
 Metaspace       used 51717K, capacity 53436K, committed 53592K, reserved 1095680K
  class space    used 7016K, capacity 7502K, committed 7552K, reserved 1048576K
}
Event: 7.809 GC heap before
{Heap before GC invocations=12 (full 2):
 PSYoungGen      total 148992K, used 148989K [0x00000000e0000000, 0x00000000ebc80000, 0x0000000100000000)
  eden space 136192K, 100% used [0x00000000e0000000,0x00000000e8500000,0x00000000e8500000)
  from space 12800K, 99% used [0x00000000e8500000,0x00000000e917f4e0,0x00000000e9180000)
  to   space 16896K, 0% used [0x00000000eac00000,0x00000000eac00000,0x00000000ebc80000)
 ParOldGen       total 104960K, used 21959K [0x00000000a0000000, 0x00000000a6680000, 0x00000000e0000000)
  object space 104960K, 20% used [0x00000000a0000000,0x00000000a1571ca0,0x00000000a6680000)
 Metaspace       used 54112K, capacity 56172K, committed 56408K, reserved 1097728K
  class space    used 7431K, capacity 7970K, committed 8064K, reserved 1048576K
Event: 7.834 GC heap after
Heap after GC invocations=12 (full 2):
 PSYoungGen      total 169472K, used 16893K [0x00000000e0000000, 0x00000000ed700000, 0x0000000100000000)
  eden space 152576K, 0% used [0x00000000e0000000,0x00000000e0000000,0x00000000e9500000)
  from space 16896K, 99% used [0x00000000eac00000,0x00000000ebc7f4e0,0x00000000ebc80000)
  to   space 23552K, 0% used [0x00000000e9500000,0x00000000e9500000,0x00000000eac00000)
 ParOldGen       total 104960K, used 35056K [0x00000000a0000000, 0x00000000a6680000, 0x00000000e0000000)
  object space 104960K, 33% used [0x00000000a0000000,0x00000000a223c1c0,0x00000000a6680000)
 Metaspace       used 54112K, capacity 56172K, committed 56408K, reserved 1097728K
  class space    used 7431K, capacity 7970K, committed 8064K, reserved 1048576K
}
Event: 8.826 GC heap before
{Heap before GC invocations=13 (full 2):
 PSYoungGen      total 169472K, used 70890K [0x00000000e0000000, 0x00000000ed700000, 0x0000000100000000)
  eden space 152576K, 35% used [0x00000000e0000000,0x00000000e34bb550,0x00000000e9500000)
  from space 16896K, 99% used [0x00000000eac00000,0x00000000ebc7f4e0,0x00000000ebc80000)
  to   space 23552K, 0% used [0x00000000e9500000,0x00000000e9500000,0x00000000eac00000)
 ParOldGen       total 104960K, used 35056K [0x00000000a0000000, 0x00000000a6680000, 0x00000000e0000000)
  object space 104960K, 33% used [0x00000000a0000000,0x00000000a223c1c0,0x00000000a6680000)
 Metaspace       used 56544K, capacity 58922K, committed 58968K, reserved 1099776K
  class space    used 7722K, capacity 8309K, committed 8320K, reserved 1048576K
Event: 8.851 GC heap after
Heap after GC invocations=13 (full 2):
 PSYoungGen      total 176128K, used 21446K [0x00000000e0000000, 0x00000000ef380000, 0x0000000100000000)
  eden space 152576K, 0% used [0x00000000e0000000,0x00000000e0000000,0x00000000e9500000)
  from space 23552K, 91% used [0x00000000e9500000,0x00000000ea9f1ac8,0x00000000eac00000)
  to   space 26112K, 0% used [0x00000000eda00000,0x00000000eda00000,0x00000000ef380000)
 ParOldGen       total 104960K, used 35056K [0x00000000a0000000, 0x00000000a6680000, 0x00000000e0000000)
  object space 104960K, 33% used [0x00000000a0000000,0x00000000a223c1c0,0x00000000a6680000)
 Metaspace       used 56544K, capacity 58922K, committed 58968K, reserved 1099776K
  class space    used 7722K, capacity 8309K, committed 8320K, reserved 1048576K
}
Event: 8.851 GC heap before
{Heap before GC invocations=14 (full 3):
 PSYoungGen      total 176128K, used 21446K [0x00000000e0000000, 0x00000000ef380000, 0x0000000100000000)
  eden space 152576K, 0% used [0x00000000e0000000,0x00000000e0000000,0x00000000e9500000)
  from space 23552K, 91% used [0x00000000e9500000,0x00000000ea9f1ac8,0x00000000eac00000)
  to   space 26112K, 0% used [0x00000000eda00000,0x00000000eda00000,0x00000000ef380000)
 ParOldGen       total 104960K, used 35056K [0x00000000a0000000, 0x00000000a6680000, 0x00000000e0000000)
  object space 104960K, 33% used [0x00000000a0000000,0x00000000a223c1c0,0x00000000a6680000)
 Metaspace       used 56544K, capacity 58922K, committed 58968K, reserved 1099776K
  class space    used 7722K, capacity 8309K, committed 8320K, reserved 1048576K
Event: 9.078 GC heap after
Heap after GC invocations=14 (full 3):
 PSYoungGen      total 176128K, used 0K [0x00000000e0000000, 0x00000000ef380000, 0x0000000100000000)
  eden space 152576K, 0% used [0x00000000e0000000,0x00000000e0000000,0x00000000e9500000)
  from space 23552K, 0% used [0x00000000e9500000,0x00000000e9500000,0x00000000eac00000)
  to   space 26112K, 0% used [0x00000000eda00000,0x00000000eda00000,0x00000000ef380000)
 ParOldGen       total 172544K, used 47307K [0x00000000a0000000, 0x00000000aa880000, 0x00000000e0000000)
  object space 172544K, 27% used [0x00000000a0000000,0x00000000a2e32c30,0x00000000aa880000)
 Metaspace       used 56544K, capacity 58922K, committed 58968K, reserved 1099776K
  class space    used 7722K, capacity 8309K, committed 8320K, reserved 1048576K
}

